Build started 2/10/2015 11:39:31 PM.
     1>Project "C:\Users\Ankur\Documents\Visual Studio 2013\Projects\Project1ood\Project1ood\Project1ood.vcxproj" on node 2 (Build target(s)).
     1>ClCompile:
         C:\Program Files (x86)\Microsoft Visual Studio 12.0\VC\bin\CL.exe /c /ZI /nologo /W3 /WX- /sdl /Od /Oy- /D WIN32 /D _DEBUG /D _CONSOLE /D _LIB /D _UNICODE /D UNICODE /Gm /EHsc /RTC1 /MDd /GS /fp:precise /Zc:wchar_t /Zc:forScope /Fo"Debug\\" /Fd"Debug\vc120.pdb" /Gd /TP /analyze- /errorReport:prompt ..\Cataloger\Cataloger.cpp ..\DataStore\DataStore.cpp ..\Display\Display.cpp ..\FileMgr\FileMgr.cpp ..\FileSystem\FileSystem.cpp ..\ParseCommand\ParseCommand.cpp
         ParseCommand.cpp
         FileSystem.cpp
         FileMgr.cpp
         Display.cpp
         DataStore.cpp
         Cataloger.cpp
         Generating Code...
         C:\Program Files (x86)\Microsoft Visual Studio 12.0\VC\bin\CL.exe /c /ZI /nologo /W3 /WX- /sdl /Od /Oy- /D WIN32 /D _DEBUG /D _CONSOLE /D _LIB /D WIN32 /D _DEBUG /D _CONSOLE /D _LIB /D _UNICODE /D UNICODE /D TEST_EXECUTIVE /Gm /EHsc /RTC1 /MDd /GS /fp:precise /Zc:wchar_t /Zc:forScope /Fo"Debug\\" /Fd"Debug\vc120.pdb" /Gd /TP /analyze- /errorReport:prompt Executive.cpp
         Executive.cpp
       Link:
         C:\Program Files (x86)\Microsoft Visual Studio 12.0\VC\bin\link.exe /ERRORREPORT:PROMPT /OUT:"C:\Users\Ankur\Documents\Visual Studio 2013\Projects\Project1ood\Debug\Project1ood.exe" /INCREMENTAL /NOLOGO kernel32.lib user32.lib gdi32.lib winspool.lib comdlg32.lib advapi32.lib shell32.lib ole32.lib oleaut32.lib uuid.lib odbc32.lib odbccp32.lib /MANIFEST /MANIFESTUAC:"level='asInvoker' uiAccess='false'" /manifest:embed /DEBUG /PDB:"C:\Users\Ankur\Documents\Visual Studio 2013\Projects\Project1ood\Debug\Project1ood.pdb" /SUBSYSTEM:CONSOLE /TLBID:1 /DYNAMICBASE /NXCOMPAT /IMPLIB:"C:\Users\Ankur\Documents\Visual Studio 2013\Projects\Project1ood\Debug\Project1ood.lib" /MACHINE:X86 Debug\Cataloger.obj
         Debug\DataStore.obj
         Debug\Display.obj
         Debug\FileMgr.obj
         Debug\FileSystem.obj
         Debug\ParseCommand.obj
         Debug\Executive.obj
         Project1ood.vcxproj -> C:\Users\Ankur\Documents\Visual Studio 2013\Projects\Project1ood\Debug\Project1ood.exe
     1>Done Building Project "C:\Users\Ankur\Documents\Visual Studio 2013\Projects\Project1ood\Project1ood\Project1ood.vcxproj" (Build target(s)).

Build succeeded.

Time Elapsed 00:00:06.19
